2016-06-22 13:20:15,095 INFO  by.epam.banks.util.ValidatorSAXXSD [main] New SAX XSD validator has been created 
2016-06-22 13:20:15,107 INFO  by.epam.banks.util.ValidatorSAXXSD [main] resource/banks.xml is valid. 
2016-06-22 19:55:19,395 INFO  by.epam.banks.util.ValidatorSAXXSD [main] New SAX XSD validator has been created 
2016-06-22 19:55:19,420 INFO  by.epam.banks.util.ValidatorSAXXSD [main] resource/banks.xml is valid. 
2016-06-22 19:56:12,644 INFO  by.epam.banks.util.ValidatorSAXXSD [main] New SAX XSD validator has been created 
2016-06-22 19:56:12,655 INFO  by.epam.banks.util.ValidatorSAXXSD [main] resource/banks.xml is valid. 
2016-06-22 20:27:35,149 INFO  by.epam.banks.util.ValidatorSAXXSD [main] New SAX XSD validator has been created 
2016-06-22 20:27:35,309 INFO  by.epam.banks.util.ValidatorSAXXSD [main] resource/banks.xml is valid. 
2016-06-22 20:34:01,849 INFO  by.epam.banks.util.ValidatorSAXXSD [main] New SAX XSD validator has been created 
2016-06-22 20:34:01,862 INFO  by.epam.banks.util.ValidatorSAXXSD [main] resource/banks.xml is valid. 
2016-06-22 20:47:40,923 INFO  by.epam.banks.util.ValidatorSAXXSD [main] New SAX XSD validator has been created 
2016-06-22 20:47:40,934 INFO  by.epam.banks.util.ValidatorSAXXSD [main] resource/banks.xml is valid. 
2016-06-22 20:47:54,536 ERROR by.epam.banks.action.DepositsDOMBuilder [main] Cannot parse deposit by.epam.banks.exception.DepositParseException: No country attribute found
	at by.epam.banks.action.DepositsDOMBuilder.buildDeposit(DepositsDOMBuilder.java:81)
	at by.epam.banks.action.DepositsDOMBuilder.buildDepositsSet(DepositsDOMBuilder.java:54)
	at by.epam.banks.util.Main.main(Main.java:29)

2016-06-22 20:50:03,975 INFO  by.epam.banks.util.Main [main] Deposit{depositId='a234a', bank='Prior', country='RU', type=CHECKING, depositorFirstName='Artem', depositorLastName='Vitkovsky', amount=300.0, profitability=0.2, time=java.util.GregorianCalendar[time=1454101680000,areFieldsSet=true,areAllFieldsSet=true,lenient=true,zone=sun.util.calendar.ZoneInfo[id="Europe/Minsk",offset=10800000,dstSavings=0,useDaylight=false,transitions=69,lastRule=null],firstDayOfWeek=2,minimalDaysInFirstWeek=4,ERA=1,YEAR=2016,MONTH=0,WEEK_OF_YEAR=4,WEEK_OF_MONTH=4,DAY_OF_MONTH=30,DAY_OF_YEAR=30,DAY_OF_WEEK=7,DAY_OF_WEEK_IN_MONTH=5,AM_PM=0,HOUR=0,HOUR_OF_DAY=0,MINUTE=8,SECOND=0,MILLISECOND=0,ZONE_OFFSET=10800000,DST_OFFSET=0]}
Deposit{depositId='a2', bank='Prior', country='BY', type=METAL, depositorFirstName='Artem', depositorLastName='Vitkovsky', amount=200.0, profitability=5.0, time=java.util.GregorianCalendar[time=1451682480000,areFieldsSet=true,areAllFieldsSet=true,lenient=true,zone=sun.util.calendar.ZoneInfo[id="Europe/Minsk",offset=10800000,dstSavings=0,useDaylight=false,transitions=69,lastRule=null],firstDayOfWeek=2,minimalDaysInFirstWeek=4,ERA=1,YEAR=2016,MONTH=0,WEEK_OF_YEAR=53,WEEK_OF_MONTH=0,DAY_OF_MONTH=2,DAY_OF_YEAR=2,DAY_OF_WEEK=7,DAY_OF_WEEK_IN_MONTH=1,AM_PM=0,HOUR=0,HOUR_OF_DAY=0,MINUTE=8,SECOND=0,MILLISECOND=0,ZONE_OFFSET=10800000,DST_OFFSET=0]}
 
2016-06-22 20:50:12,079 INFO  by.epam.banks.util.ValidatorSAXXSD [main] New SAX XSD validator has been created 
2016-06-22 20:50:12,138 INFO  by.epam.banks.util.ValidatorSAXXSD [main] resource/banks.xml is valid. 
2016-06-22 20:50:25,083 ERROR by.epam.banks.action.DepositsDOMBuilder [main] Cannot parse deposit by.epam.banks.exception.DepositParseException: No country attribute found
	at by.epam.banks.action.DepositsDOMBuilder.buildDeposit(DepositsDOMBuilder.java:81)
	at by.epam.banks.action.DepositsDOMBuilder.buildDepositsSet(DepositsDOMBuilder.java:54)
	at by.epam.banks.util.Main.main(Main.java:29)

2016-06-22 21:01:28,411 INFO  by.epam.banks.util.ValidatorSAXXSD [main] New SAX XSD validator has been created 
2016-06-22 21:01:28,430 INFO  by.epam.banks.util.ValidatorSAXXSD [main] resource/banks.xml is valid. 
2016-06-22 21:06:29,720 INFO  by.epam.banks.util.ValidatorSAXXSD [main] New SAX XSD validator has been created 
2016-06-22 21:06:29,732 INFO  by.epam.banks.util.ValidatorSAXXSD [main] resource/banks.xml is valid. 
2016-06-22 21:06:41,143 INFO  by.epam.banks.util.Main [main] Deposit{depositId='a234a', bank='Prior', country='RU', type=CHECKING, depositorFirstName='Artem', depositorLastName='Vitkovsky', amount=300.0, profitability=0.2, time=java.util.GregorianCalendar[time=1454101680000,areFieldsSet=true,areAllFieldsSet=true,lenient=true,zone=sun.util.calendar.ZoneInfo[id="Europe/Minsk",offset=10800000,dstSavings=0,useDaylight=false,transitions=69,lastRule=null],firstDayOfWeek=2,minimalDaysInFirstWeek=4,ERA=1,YEAR=2016,MONTH=0,WEEK_OF_YEAR=4,WEEK_OF_MONTH=4,DAY_OF_MONTH=30,DAY_OF_YEAR=30,DAY_OF_WEEK=7,DAY_OF_WEEK_IN_MONTH=5,AM_PM=0,HOUR=0,HOUR_OF_DAY=0,MINUTE=8,SECOND=0,MILLISECOND=0,ZONE_OFFSET=10800000,DST_OFFSET=0]}
Deposit{depositId='a2', bank='Prior', country='BY', type=METAL, depositorFirstName='Artem', depositorLastName='Vitkovsky', amount=200.0, profitability=5.0, time=java.util.GregorianCalendar[time=1451682480000,areFieldsSet=true,areAllFieldsSet=true,lenient=true,zone=sun.util.calendar.ZoneInfo[id="Europe/Minsk",offset=10800000,dstSavings=0,useDaylight=false,transitions=69,lastRule=null],firstDayOfWeek=2,minimalDaysInFirstWeek=4,ERA=1,YEAR=2016,MONTH=0,WEEK_OF_YEAR=53,WEEK_OF_MONTH=0,DAY_OF_MONTH=2,DAY_OF_YEAR=2,DAY_OF_WEEK=7,DAY_OF_WEEK_IN_MONTH=1,AM_PM=0,HOUR=0,HOUR_OF_DAY=0,MINUTE=8,SECOND=0,MILLISECOND=0,ZONE_OFFSET=10800000,DST_OFFSET=0]}
Deposit{depositId='b4e', bank='Prior', country='null', type=CHECKING, depositorFirstName='Artem', depositorLastName='Vitkovsky', amount=50000.0, profitability=10.6, time=java.util.GregorianCalendar[time=1452719520000,areFieldsSet=true,areAllFieldsSet=true,lenient=true,zone=sun.util.calendar.ZoneInfo[id="Europe/Minsk",offset=10800000,dstSavings=0,useDaylight=false,transitions=69,lastRule=null],firstDayOfWeek=2,minimalDaysInFirstWeek=4,ERA=1,YEAR=2016,MONTH=0,WEEK_OF_YEAR=2,WEEK_OF_MONTH=2,DAY_OF_MONTH=14,DAY_OF_YEAR=14,DAY_OF_WEEK=5,DAY_OF_WEEK_IN_MONTH=2,AM_PM=0,HOUR=0,HOUR_OF_DAY=0,MINUTE=12,SECOND=0,MILLISECOND=0,ZONE_OFFSET=10800000,DST_OFFSET=0]}
 
2016-06-22 21:09:12,550 INFO  by.epam.banks.util.ValidatorSAXXSD [main] New SAX XSD validator has been created 
2016-06-22 21:09:12,561 INFO  by.epam.banks.util.ValidatorSAXXSD [main] resource/banks.xml is valid. 
2016-06-22 21:09:12,600 INFO  by.epam.banks.util.Main [main] Deposit{depositId='a2', bank='Prior', country='BY', type=METAL, depositorFirstName='Artem', depositorLastName='Vitkovsky', amount=200.0, profitability=5.0, time=java.util.GregorianCalendar[time=1451682480000,areFieldsSet=true,areAllFieldsSet=true,lenient=true,zone=sun.util.calendar.ZoneInfo[id="Europe/Minsk",offset=10800000,dstSavings=0,useDaylight=false,transitions=69,lastRule=null],firstDayOfWeek=2,minimalDaysInFirstWeek=4,ERA=1,YEAR=2016,MONTH=0,WEEK_OF_YEAR=53,WEEK_OF_MONTH=0,DAY_OF_MONTH=2,DAY_OF_YEAR=2,DAY_OF_WEEK=7,DAY_OF_WEEK_IN_MONTH=1,AM_PM=0,HOUR=0,HOUR_OF_DAY=0,MINUTE=8,SECOND=0,MILLISECOND=0,ZONE_OFFSET=10800000,DST_OFFSET=0]}
Deposit{depositId='a234a', bank='Prior', country='RU', type=CHECKING, depositorFirstName='Artem', depositorLastName='Vitkovsky', amount=300.0, profitability=0.2, time=java.util.GregorianCalendar[time=1454101680000,areFieldsSet=true,areAllFieldsSet=true,lenient=true,zone=sun.util.calendar.ZoneInfo[id="Europe/Minsk",offset=10800000,dstSavings=0,useDaylight=false,transitions=69,lastRule=null],firstDayOfWeek=2,minimalDaysInFirstWeek=4,ERA=1,YEAR=2016,MONTH=0,WEEK_OF_YEAR=4,WEEK_OF_MONTH=4,DAY_OF_MONTH=30,DAY_OF_YEAR=30,DAY_OF_WEEK=7,DAY_OF_WEEK_IN_MONTH=5,AM_PM=0,HOUR=0,HOUR_OF_DAY=0,MINUTE=8,SECOND=0,MILLISECOND=0,ZONE_OFFSET=10800000,DST_OFFSET=0]}
Deposit{depositId='b4e', bank='Prior', country='null', type=CHECKING, depositorFirstName='Artem', depositorLastName='Vitkovsky', amount=50000.0, profitability=10.6, time=java.util.GregorianCalendar[time=1452719520000,areFieldsSet=true,areAllFieldsSet=true,lenient=true,zone=sun.util.calendar.ZoneInfo[id="Europe/Minsk",offset=10800000,dstSavings=0,useDaylight=false,transitions=69,lastRule=null],firstDayOfWeek=2,minimalDaysInFirstWeek=4,ERA=1,YEAR=2016,MONTH=0,WEEK_OF_YEAR=2,WEEK_OF_MONTH=2,DAY_OF_MONTH=14,DAY_OF_YEAR=14,DAY_OF_WEEK=5,DAY_OF_WEEK_IN_MONTH=2,AM_PM=0,HOUR=0,HOUR_OF_DAY=0,MINUTE=12,SECOND=0,MILLISECOND=0,ZONE_OFFSET=10800000,DST_OFFSET=0]}
 
2016-06-22 21:11:25,012 INFO  by.epam.banks.util.ValidatorSAXXSD [main] New SAX XSD validator has been created 
2016-06-22 21:11:25,025 INFO  by.epam.banks.util.ValidatorSAXXSD [main] resource/banks.xml is valid. 
2016-06-22 21:11:36,067 INFO  by.epam.banks.util.Main [main] Deposit{depositId='a2', bank='Prior', country='BY', type=METAL, depositorFirstName='Artem', depositorLastName='Vitkovsky', amount=200.0, profitability=5.0, time=java.util.GregorianCalendar[time=1451682480000,areFieldsSet=true,areAllFieldsSet=true,lenient=true,zone=sun.util.calendar.ZoneInfo[id="Europe/Minsk",offset=10800000,dstSavings=0,useDaylight=false,transitions=69,lastRule=null],firstDayOfWeek=2,minimalDaysInFirstWeek=4,ERA=1,YEAR=2016,MONTH=0,WEEK_OF_YEAR=53,WEEK_OF_MONTH=0,DAY_OF_MONTH=2,DAY_OF_YEAR=2,DAY_OF_WEEK=7,DAY_OF_WEEK_IN_MONTH=1,AM_PM=0,HOUR=0,HOUR_OF_DAY=0,MINUTE=8,SECOND=0,MILLISECOND=0,ZONE_OFFSET=10800000,DST_OFFSET=0]}
Deposit{depositId='b4e', bank='Prior', country='BY', type=CHECKING, depositorFirstName='Artem', depositorLastName='Vitkovsky', amount=50000.0, profitability=10.6, time=java.util.GregorianCalendar[time=1452719520000,areFieldsSet=true,areAllFieldsSet=true,lenient=true,zone=sun.util.calendar.ZoneInfo[id="Europe/Minsk",offset=10800000,dstSavings=0,useDaylight=false,transitions=69,lastRule=null],firstDayOfWeek=2,minimalDaysInFirstWeek=4,ERA=1,YEAR=2016,MONTH=0,WEEK_OF_YEAR=2,WEEK_OF_MONTH=2,DAY_OF_MONTH=14,DAY_OF_YEAR=14,DAY_OF_WEEK=5,DAY_OF_WEEK_IN_MONTH=2,AM_PM=0,HOUR=0,HOUR_OF_DAY=0,MINUTE=12,SECOND=0,MILLISECOND=0,ZONE_OFFSET=10800000,DST_OFFSET=0]}
Deposit{depositId='a234a', bank='Prior', country='RU', type=CHECKING, depositorFirstName='Artem', depositorLastName='Vitkovsky', amount=300.0, profitability=0.2, time=java.util.GregorianCalendar[time=1454101680000,areFieldsSet=true,areAllFieldsSet=true,lenient=true,zone=sun.util.calendar.ZoneInfo[id="Europe/Minsk",offset=10800000,dstSavings=0,useDaylight=false,transitions=69,lastRule=null],firstDayOfWeek=2,minimalDaysInFirstWeek=4,ERA=1,YEAR=2016,MONTH=0,WEEK_OF_YEAR=4,WEEK_OF_MONTH=4,DAY_OF_MONTH=30,DAY_OF_YEAR=30,DAY_OF_WEEK=7,DAY_OF_WEEK_IN_MONTH=5,AM_PM=0,HOUR=0,HOUR_OF_DAY=0,MINUTE=8,SECOND=0,MILLISECOND=0,ZONE_OFFSET=10800000,DST_OFFSET=0]}
 
2016-06-22 23:24:04,128 INFO  by.epam.banks.util.ValidatorSAXXSD [main] New SAX XSD validator has been created 
2016-06-22 23:24:04,161 INFO  by.epam.banks.util.ValidatorSAXXSD [main] resource/banks.xml is valid. 
2016-06-22 23:24:51,661 INFO  by.epam.banks.util.ValidatorSAXXSD [main] New SAX XSD validator has been created 
2016-06-22 23:24:51,683 INFO  by.epam.banks.util.ValidatorSAXXSD [main] resource/banks.xml is valid. 
2016-06-22 23:24:51,744 INFO  by.epam.banks.util.Main [main]  
2016-06-22 23:25:13,646 INFO  by.epam.banks.util.ValidatorSAXXSD [main] New SAX XSD validator has been created 
2016-06-22 23:25:13,664 INFO  by.epam.banks.util.ValidatorSAXXSD [main] resource/banks.xml is valid. 
2016-06-22 23:26:33,309 INFO  by.epam.banks.util.Main [main]  
2016-06-22 23:26:59,713 INFO  by.epam.banks.util.ValidatorSAXXSD [main] New SAX XSD validator has been created 
2016-06-22 23:26:59,726 INFO  by.epam.banks.util.ValidatorSAXXSD [main] resource/banks.xml is valid. 
2016-06-22 23:26:59,767 INFO  by.epam.banks.util.Main [main] Deposit{depositId='a234a', bank='null', country='RU', type=null, depositorFirstName='null', depositorLastName='null', amount=0.0, profitability=0.0, time=null}
Deposit{depositId='a2', bank='null', country='BY', type=null, depositorFirstName='null', depositorLastName='null', amount=0.0, profitability=0.0, time=null}
Deposit{depositId='b4e', bank='null', country='BY', type=null, depositorFirstName='null', depositorLastName='null', amount=0.0, profitability=0.0, time=null}
 
2016-06-23 00:18:31,909 INFO  by.epam.banks.util.ValidatorSAXXSD [main] New SAX XSD validator has been created 
2016-06-23 00:18:31,920 INFO  by.epam.banks.util.ValidatorSAXXSD [main] resource/banks.xml is valid. 
2016-06-23 00:20:27,938 INFO  by.epam.banks.util.ValidatorSAXXSD [main] New SAX XSD validator has been created 
2016-06-23 00:20:27,949 INFO  by.epam.banks.util.ValidatorSAXXSD [main] resource/banks.xml is valid. 
2016-06-23 00:20:28,063 INFO  by.epam.banks.util.Main [main] Result:
Deposit{depositId='a2', bank='Prior', country='BY', type=METAL, depositorFirstName='Artem', depositorLastName='Vitkovsky', amount=MetalAmount{metal='gold'amount='200.0'}, profitability=5.0, time=java.util.GregorianCalendar[time=1451682480000,areFieldsSet=true,areAllFieldsSet=true,lenient=true,zone=sun.util.calendar.ZoneInfo[id="Europe/Minsk",offset=10800000,dstSavings=0,useDaylight=false,transitions=69,lastRule=null],firstDayOfWeek=2,minimalDaysInFirstWeek=4,ERA=1,YEAR=2016,MONTH=0,WEEK_OF_YEAR=53,WEEK_OF_MONTH=0,DAY_OF_MONTH=2,DAY_OF_YEAR=2,DAY_OF_WEEK=7,DAY_OF_WEEK_IN_MONTH=1,AM_PM=0,HOUR=0,HOUR_OF_DAY=0,MINUTE=8,SECOND=0,MILLISECOND=0,ZONE_OFFSET=10800000,DST_OFFSET=0]}
Deposit{depositId='b4e', bank='Prior', country='BY', type=CHECKING, depositorFirstName='Artem', depositorLastName='Vitkovsky', amount=CurrencyAmount{currency=''amount='50000.0'}, profitability=10.6, time=java.util.GregorianCalendar[time=1452719520000,areFieldsSet=true,areAllFieldsSet=true,lenient=true,zone=sun.util.calendar.ZoneInfo[id="Europe/Minsk",offset=10800000,dstSavings=0,useDaylight=false,transitions=69,lastRule=null],firstDayOfWeek=2,minimalDaysInFirstWeek=4,ERA=1,YEAR=2016,MONTH=0,WEEK_OF_YEAR=2,WEEK_OF_MONTH=2,DAY_OF_MONTH=14,DAY_OF_YEAR=14,DAY_OF_WEEK=5,DAY_OF_WEEK_IN_MONTH=2,AM_PM=0,HOUR=0,HOUR_OF_DAY=0,MINUTE=12,SECOND=0,MILLISECOND=0,ZONE_OFFSET=10800000,DST_OFFSET=0]}
Deposit{depositId='a234a', bank='Prior', country='RU', type=CHECKING, depositorFirstName='Artem', depositorLastName='Vitkovsky', amount=CurrencyAmount{currency=''amount='300.0'}, profitability=0.2, time=java.util.GregorianCalendar[time=1454101680000,areFieldsSet=true,areAllFieldsSet=true,lenient=true,zone=sun.util.calendar.ZoneInfo[id="Europe/Minsk",offset=10800000,dstSavings=0,useDaylight=false,transitions=69,lastRule=null],firstDayOfWeek=2,minimalDaysInFirstWeek=4,ERA=1,YEAR=2016,MONTH=0,WEEK_OF_YEAR=4,WEEK_OF_MONTH=4,DAY_OF_MONTH=30,DAY_OF_YEAR=30,DAY_OF_WEEK=7,DAY_OF_WEEK_IN_MONTH=5,AM_PM=0,HOUR=0,HOUR_OF_DAY=0,MINUTE=8,SECOND=0,MILLISECOND=0,ZONE_OFFSET=10800000,DST_OFFSET=0]}
 
2016-06-23 00:21:26,329 INFO  by.epam.banks.util.ValidatorSAXXSD [main] New SAX XSD validator has been created 
2016-06-23 00:21:26,340 INFO  by.epam.banks.util.ValidatorSAXXSD [main] resource/banks.xml is valid. 
2016-06-23 00:22:27,049 INFO  by.epam.banks.util.Main [main] Result:
Deposit{depositId='a2', bank='Prior', country='BY', type=METAL, depositorFirstName='Artem', depositorLastName='Vitkovsky', amount=MetalAmount{metal='gold'amount='200.0'}, profitability=5.0, time=java.util.GregorianCalendar[time=1451682480000,areFieldsSet=true,areAllFieldsSet=true,lenient=true,zone=sun.util.calendar.ZoneInfo[id="Europe/Minsk",offset=10800000,dstSavings=0,useDaylight=false,transitions=69,lastRule=null],firstDayOfWeek=2,minimalDaysInFirstWeek=4,ERA=1,YEAR=2016,MONTH=0,WEEK_OF_YEAR=53,WEEK_OF_MONTH=0,DAY_OF_MONTH=2,DAY_OF_YEAR=2,DAY_OF_WEEK=7,DAY_OF_WEEK_IN_MONTH=1,AM_PM=0,HOUR=0,HOUR_OF_DAY=0,MINUTE=8,SECOND=0,MILLISECOND=0,ZONE_OFFSET=10800000,DST_OFFSET=0]}
Deposit{depositId='b4e', bank='Prior', country='BY', type=CHECKING, depositorFirstName='Artem', depositorLastName='Vitkovsky', amount=CurrencyAmount{currency=''amount='50000.0'}, profitability=10.6, time=java.util.GregorianCalendar[time=1452719520000,areFieldsSet=true,areAllFieldsSet=true,lenient=true,zone=sun.util.calendar.ZoneInfo[id="Europe/Minsk",offset=10800000,dstSavings=0,useDaylight=false,transitions=69,lastRule=null],firstDayOfWeek=2,minimalDaysInFirstWeek=4,ERA=1,YEAR=2016,MONTH=0,WEEK_OF_YEAR=2,WEEK_OF_MONTH=2,DAY_OF_MONTH=14,DAY_OF_YEAR=14,DAY_OF_WEEK=5,DAY_OF_WEEK_IN_MONTH=2,AM_PM=0,HOUR=0,HOUR_OF_DAY=0,MINUTE=12,SECOND=0,MILLISECOND=0,ZONE_OFFSET=10800000,DST_OFFSET=0]}
Deposit{depositId='a234a', bank='Prior', country='RU', type=CHECKING, depositorFirstName='Artem', depositorLastName='Vitkovsky', amount=CurrencyAmount{currency=''amount='300.0'}, profitability=0.2, time=java.util.GregorianCalendar[time=1454101680000,areFieldsSet=true,areAllFieldsSet=true,lenient=true,zone=sun.util.calendar.ZoneInfo[id="Europe/Minsk",offset=10800000,dstSavings=0,useDaylight=false,transitions=69,lastRule=null],firstDayOfWeek=2,minimalDaysInFirstWeek=4,ERA=1,YEAR=2016,MONTH=0,WEEK_OF_YEAR=4,WEEK_OF_MONTH=4,DAY_OF_MONTH=30,DAY_OF_YEAR=30,DAY_OF_WEEK=7,DAY_OF_WEEK_IN_MONTH=5,AM_PM=0,HOUR=0,HOUR_OF_DAY=0,MINUTE=8,SECOND=0,MILLISECOND=0,ZONE_OFFSET=10800000,DST_OFFSET=0]}
 
2016-06-23 00:22:30,136 INFO  by.epam.banks.util.ValidatorSAXXSD [main] New SAX XSD validator has been created 
2016-06-23 00:22:30,147 INFO  by.epam.banks.util.ValidatorSAXXSD [main] resource/banks.xml is valid. 
2016-06-23 00:22:30,181 INFO  by.epam.banks.util.Main [main] Result:
Deposit{depositId='a2', bank='Prior', country='BY', type=METAL, depositorFirstName='Artem', depositorLastName='Vitkovsky', amount=MetalAmount{metal='gold'amount='200.0'}, profitability=5.0, time=java.util.GregorianCalendar[time=1451682480000,areFieldsSet=true,areAllFieldsSet=true,lenient=true,zone=sun.util.calendar.ZoneInfo[id="Europe/Minsk",offset=10800000,dstSavings=0,useDaylight=false,transitions=69,lastRule=null],firstDayOfWeek=2,minimalDaysInFirstWeek=4,ERA=1,YEAR=2016,MONTH=0,WEEK_OF_YEAR=53,WEEK_OF_MONTH=0,DAY_OF_MONTH=2,DAY_OF_YEAR=2,DAY_OF_WEEK=7,DAY_OF_WEEK_IN_MONTH=1,AM_PM=0,HOUR=0,HOUR_OF_DAY=0,MINUTE=8,SECOND=0,MILLISECOND=0,ZONE_OFFSET=10800000,DST_OFFSET=0]}
Deposit{depositId='a234a', bank='Prior', country='RU', type=CHECKING, depositorFirstName='Artem', depositorLastName='Vitkovsky', amount=CurrencyAmount{currency='USD'amount='300.0'}, profitability=0.2, time=java.util.GregorianCalendar[time=1454101680000,areFieldsSet=true,areAllFieldsSet=true,lenient=true,zone=sun.util.calendar.ZoneInfo[id="Europe/Minsk",offset=10800000,dstSavings=0,useDaylight=false,transitions=69,lastRule=null],firstDayOfWeek=2,minimalDaysInFirstWeek=4,ERA=1,YEAR=2016,MONTH=0,WEEK_OF_YEAR=4,WEEK_OF_MONTH=4,DAY_OF_MONTH=30,DAY_OF_YEAR=30,DAY_OF_WEEK=7,DAY_OF_WEEK_IN_MONTH=5,AM_PM=0,HOUR=0,HOUR_OF_DAY=0,MINUTE=8,SECOND=0,MILLISECOND=0,ZONE_OFFSET=10800000,DST_OFFSET=0]}
Deposit{depositId='b4e', bank='Prior', country='BY', type=CHECKING, depositorFirstName='Artem', depositorLastName='Vitkovsky', amount=CurrencyAmount{currency='BYR'amount='50000.0'}, profitability=10.6, time=java.util.GregorianCalendar[time=1452719520000,areFieldsSet=true,areAllFieldsSet=true,lenient=true,zone=sun.util.calendar.ZoneInfo[id="Europe/Minsk",offset=10800000,dstSavings=0,useDaylight=false,transitions=69,lastRule=null],firstDayOfWeek=2,minimalDaysInFirstWeek=4,ERA=1,YEAR=2016,MONTH=0,WEEK_OF_YEAR=2,WEEK_OF_MONTH=2,DAY_OF_MONTH=14,DAY_OF_YEAR=14,DAY_OF_WEEK=5,DAY_OF_WEEK_IN_MONTH=2,AM_PM=0,HOUR=0,HOUR_OF_DAY=0,MINUTE=12,SECOND=0,MILLISECOND=0,ZONE_OFFSET=10800000,DST_OFFSET=0]}
 
2016-06-23 00:41:55,805 INFO  by.epam.banks.util.ValidatorSAXXSD [main] New SAX XSD validator has been created 
2016-06-23 00:41:55,816 INFO  by.epam.banks.util.ValidatorSAXXSD [main] resource/banks.xml is valid. 
2016-06-23 00:41:55,816 INFO  by.epam.banks.util.Main [main] Validation complete 
2016-06-23 00:41:55,820 INFO  by.epam.banks.util.Main [main] Factory created 
2016-06-23 00:41:55,822 INFO  by.epam.banks.util.Main [main] Reporter created 
2016-06-23 00:41:55,843 INFO  by.epam.banks.util.Main [main] SAX builder created 
2016-06-23 00:43:30,947 INFO  by.epam.banks.util.ValidatorSAXXSD [main] New SAX XSD validator has been created 
2016-06-23 00:43:30,959 INFO  by.epam.banks.util.ValidatorSAXXSD [main] resource/banks.xml is valid. 
2016-06-23 00:43:30,959 INFO  by.epam.banks.util.Main [main] Validation complete 
2016-06-23 00:43:30,964 INFO  by.epam.banks.util.Main [main] Factory created 
2016-06-23 00:43:30,965 INFO  by.epam.banks.util.Main [main] Reporter created 
2016-06-23 00:43:31,010 INFO  by.epam.banks.util.Main [main] SAX builder created 
2016-06-23 00:46:21,556 INFO  by.epam.banks.util.ValidatorSAXXSD [main] New SAX XSD validator has been created 
2016-06-23 00:46:21,571 INFO  by.epam.banks.util.ValidatorSAXXSD [main] resource/banks.xml is valid. 
2016-06-23 00:46:21,571 INFO  by.epam.banks.util.Main [main] Validation complete 
2016-06-23 00:46:21,576 INFO  by.epam.banks.util.Main [main] Factory created 
2016-06-23 00:46:21,577 INFO  by.epam.banks.util.Main [main] Reporter created 
2016-06-23 00:46:21,607 INFO  by.epam.banks.util.Main [main] SAX builder created 
2016-06-23 00:46:27,310 INFO  by.epam.banks.util.Main [main] Builder has finished parsing 
2016-06-23 00:46:27,311 INFO  by.epam.banks.util.Main [main] Deposit{depositId='b4e', bank='Prior', country='BY', type=CHECKING, depositorFirstName='Artem', depositorLastName='Vitkovsky', amount=CurrencyAmount{currency='BYR', amount='50000.0'}, profitability=10.6%, time=java.util.GregorianCalendar[time=1452719520000,areFieldsSet=true,areAllFieldsSet=true,lenient=true,zone=sun.util.calendar.ZoneInfo[id="Europe/Minsk",offset=10800000,dstSavings=0,useDaylight=false,transitions=69,lastRule=null],firstDayOfWeek=2,minimalDaysInFirstWeek=4,ERA=1,YEAR=2016,MONTH=0,WEEK_OF_YEAR=2,WEEK_OF_MONTH=2,DAY_OF_MONTH=14,DAY_OF_YEAR=14,DAY_OF_WEEK=5,DAY_OF_WEEK_IN_MONTH=2,AM_PM=0,HOUR=0,HOUR_OF_DAY=0,MINUTE=12,SECOND=0,MILLISECOND=0,ZONE_OFFSET=10800000,DST_OFFSET=0]}
Deposit{depositId='a2', bank='Prior', country='BY', type=METAL, depositorFirstName='Artem', depositorLastName='Vitkovsky', amount=MetalAmount{metal='gold', amount='200.0'}, profitability=5.0%, time=java.util.GregorianCalendar[time=1451682480000,areFieldsSet=true,areAllFieldsSet=true,lenient=true,zone=sun.util.calendar.ZoneInfo[id="Europe/Minsk",offset=10800000,dstSavings=0,useDaylight=false,transitions=69,lastRule=null],firstDayOfWeek=2,minimalDaysInFirstWeek=4,ERA=1,YEAR=2016,MONTH=0,WEEK_OF_YEAR=53,WEEK_OF_MONTH=0,DAY_OF_MONTH=2,DAY_OF_YEAR=2,DAY_OF_WEEK=7,DAY_OF_WEEK_IN_MONTH=1,AM_PM=0,HOUR=0,HOUR_OF_DAY=0,MINUTE=8,SECOND=0,MILLISECOND=0,ZONE_OFFSET=10800000,DST_OFFSET=0]}
Deposit{depositId='a234a', bank='Prior', country='RU', type=CHECKING, depositorFirstName='Artem', depositorLastName='Vitkovsky', amount=CurrencyAmount{currency='USD', amount='300.0'}, profitability=0.2%, time=java.util.GregorianCalendar[time=1454101680000,areFieldsSet=true,areAllFieldsSet=true,lenient=true,zone=sun.util.calendar.ZoneInfo[id="Europe/Minsk",offset=10800000,dstSavings=0,useDaylight=false,transitions=69,lastRule=null],firstDayOfWeek=2,minimalDaysInFirstWeek=4,ERA=1,YEAR=2016,MONTH=0,WEEK_OF_YEAR=4,WEEK_OF_MONTH=4,DAY_OF_MONTH=30,DAY_OF_YEAR=30,DAY_OF_WEEK=7,DAY_OF_WEEK_IN_MONTH=5,AM_PM=0,HOUR=0,HOUR_OF_DAY=0,MINUTE=8,SECOND=0,MILLISECOND=0,ZONE_OFFSET=10800000,DST_OFFSET=0]}
 
2016-06-23 00:49:58,021 INFO  by.epam.banks.util.ValidatorSAXXSD [main] New SAX XSD validator has been created 
2016-06-23 00:49:58,034 INFO  by.epam.banks.util.ValidatorSAXXSD [main] resource/banks.xml is valid. 
2016-06-23 00:49:58,034 INFO  by.epam.banks.util.Main [main] Validation complete 
2016-06-23 00:49:58,038 INFO  by.epam.banks.util.Main [main] Factory created 
2016-06-23 00:49:58,039 INFO  by.epam.banks.util.Main [main] Reporter created 
2016-06-23 00:49:58,105 INFO  by.epam.banks.util.Main [main] SAX builder created 
2016-06-23 00:49:58,118 INFO  by.epam.banks.util.Main [main] Builder has finished parsing 
2016-06-23 00:49:58,119 INFO  by.epam.banks.util.Main [main] Deposit{depositId='a2', bank='Prior', country='BY', type=METAL, depositorFirstName='Artem', depositorLastName='Vitkovsky', amount=MetalAmount{metal='gold', amount='200.0'}, profitability=5.0%, time=2016 08 02}
Deposit{depositId='a234a', bank='Prior', country='RU', type=CHECKING, depositorFirstName='Artem', depositorLastName='Vitkovsky', amount=CurrencyAmount{currency='USD', amount='300.0'}, profitability=0.2%, time=2016 08 30}
Deposit{depositId='b4e', bank='Prior', country='BY', type=CHECKING, depositorFirstName='Artem', depositorLastName='Vitkovsky', amount=CurrencyAmount{currency='BYR', amount='50000.0'}, profitability=10.6%, time=2016 12 14}
 
2016-06-23 02:18:24,727 INFO  by.epam.banks.util.ValidatorSAXXSD [main] New SAX XSD validator has been created 
2016-06-23 02:18:24,748 INFO  by.epam.banks.util.ValidatorSAXXSD [main] resource/banks.xml is valid. 
2016-06-23 02:18:24,748 INFO  by.epam.banks.util.Main [main] Validation complete 
2016-06-23 02:18:24,765 INFO  by.epam.banks.util.Main [main] Factory created 
2016-06-23 02:18:24,766 INFO  by.epam.banks.util.Main [main] Reporter created 
2016-06-23 02:18:24,815 INFO  by.epam.banks.util.Main [main] StAX builder created 
2016-06-23 02:18:24,842 INFO  by.epam.banks.util.Main [main] Builder has finished parsing 
2016-06-23 02:18:24,844 INFO  by.epam.banks.util.Main [main] Deposit{depositId='a2', bank='Prior', country='BY', type=METAL, depositorFirstName='Artem', depositorLastName='Vitkovsky', amount=MetalAmount{metal='gold', amount='200.0'}, profitability=5.0%, time=2016 08 02}
Deposit{depositId='a234a', bank='Prior', country='RU', type=CHECKING, depositorFirstName='Artem', depositorLastName='Vitkovsky', amount=CurrencyAmount{currency='USD', amount='300.0'}, profitability=0.2%, time=2016 08 30}
Deposit{depositId='b4e', bank='Prior', country='null', type=CHECKING, depositorFirstName='Artem', depositorLastName='Vitkovsky', amount=CurrencyAmount{currency='BYR', amount='50000.0'}, profitability=10.6%, time=2016 12 14}
 
2016-06-23 02:22:56,235 INFO  by.epam.banks.util.ValidatorSAXXSD [main] New SAX XSD validator has been created 
2016-06-23 02:22:56,246 INFO  by.epam.banks.util.ValidatorSAXXSD [main] resource/banks.xml is valid. 
2016-06-23 02:22:56,246 INFO  by.epam.banks.util.Main [main] Validation complete 
2016-06-23 02:22:56,249 INFO  by.epam.banks.util.Main [main] Factory created 
2016-06-23 02:22:56,250 INFO  by.epam.banks.util.Main [main] Reporter created 
2016-06-23 02:22:56,323 INFO  by.epam.banks.util.Main [main] DOM builder created 
2016-06-23 02:22:56,357 INFO  by.epam.banks.util.Main [main] Builder has finished parsing 
2016-06-23 02:22:56,358 INFO  by.epam.banks.util.Main [main] Result:
Deposit{depositId='a2', bank='Prior', country='BY', type=METAL, depositorFirstName='Artem', depositorLastName='Vitkovsky', amount=MetalAmount{metal='gold', amount='200.0'}, profitability=5.0%, time=2016 08 02}
Deposit{depositId='a234a', bank='Prior', country='RU', type=CHECKING, depositorFirstName='Artem', depositorLastName='Vitkovsky', amount=CurrencyAmount{currency='USD', amount='300.0'}, profitability=0.2%, time=2016 08 30}
Deposit{depositId='b4e', bank='Prior', country='BY', type=CHECKING, depositorFirstName='Artem', depositorLastName='Vitkovsky', amount=CurrencyAmount{currency='BYR', amount='50000.0'}, profitability=10.6%, time=2016 12 14}
 
2016-06-23 02:22:56,385 INFO  by.epam.banks.util.Main [main] SAX builder created 
2016-06-23 02:22:56,390 INFO  by.epam.banks.util.Main [main] Builder has finished parsing 
2016-06-23 02:22:56,390 INFO  by.epam.banks.util.Main [main] Result:
Deposit{depositId='a2', bank='Prior', country='BY', type=METAL, depositorFirstName='Artem', depositorLastName='Vitkovsky', amount=MetalAmount{metal='gold', amount='200.0'}, profitability=5.0%, time=2016 08 02}
Deposit{depositId='a234a', bank='Prior', country='RU', type=CHECKING, depositorFirstName='Artem', depositorLastName='Vitkovsky', amount=CurrencyAmount{currency='USD', amount='300.0'}, profitability=0.2%, time=2016 08 30}
Deposit{depositId='b4e', bank='Prior', country='BY', type=CHECKING, depositorFirstName='Artem', depositorLastName='Vitkovsky', amount=CurrencyAmount{currency='BYR', amount='50000.0'}, profitability=10.6%, time=2016 12 14}
 
2016-06-23 02:22:56,393 INFO  by.epam.banks.util.Main [main] StAX builder created 
2016-06-23 02:22:56,397 INFO  by.epam.banks.util.Main [main] Builder has finished parsing 
2016-06-23 02:22:56,398 INFO  by.epam.banks.util.Main [main] Result:
Deposit{depositId='a2', bank='Prior', country='BY', type=METAL, depositorFirstName='Artem', depositorLastName='Vitkovsky', amount=MetalAmount{metal='gold', amount='200.0'}, profitability=5.0%, time=2016 08 02}
Deposit{depositId='a234a', bank='Prior', country='RU', type=CHECKING, depositorFirstName='Artem', depositorLastName='Vitkovsky', amount=CurrencyAmount{currency='USD', amount='300.0'}, profitability=0.2%, time=2016 08 30}
Deposit{depositId='b4e', bank='Prior', country='null', type=CHECKING, depositorFirstName='Artem', depositorLastName='Vitkovsky', amount=CurrencyAmount{currency='BYR', amount='50000.0'}, profitability=10.6%, time=2016 12 14}
 
2016-06-23 02:23:16,854 INFO  by.epam.banks.util.ValidatorSAXXSD [main] New SAX XSD validator has been created 
2016-06-23 02:23:16,865 INFO  by.epam.banks.util.ValidatorSAXXSD [main] resource/banks.xml is valid. 
2016-06-23 02:23:16,865 INFO  by.epam.banks.util.Main [main] Validation complete 
2016-06-23 02:23:16,868 INFO  by.epam.banks.util.Main [main] Factory created 
2016-06-23 02:23:16,869 INFO  by.epam.banks.util.Main [main] Reporter created 
2016-06-23 02:23:16,882 INFO  by.epam.banks.util.Main [main] DOM builder created 
2016-06-23 02:23:16,896 INFO  by.epam.banks.util.Main [main] Builder has finished parsing 
2016-06-23 02:23:16,898 INFO  by.epam.banks.util.Main [main] Result:
Deposit{depositId='a2', bank='Prior', country='BY', type=METAL, depositorFirstName='Artem', depositorLastName='Vitkovsky', amount=MetalAmount{metal='gold', amount='200.0'}, profitability=5.0%, time=2016 08 02}
Deposit{depositId='a234a', bank='Prior', country='RU', type=CHECKING, depositorFirstName='Artem', depositorLastName='Vitkovsky', amount=CurrencyAmount{currency='USD', amount='300.0'}, profitability=0.2%, time=2016 08 30}
Deposit{depositId='b4e', bank='Prior', country='BY', type=CHECKING, depositorFirstName='Artem', depositorLastName='Vitkovsky', amount=CurrencyAmount{currency='BYR', amount='50000.0'}, profitability=10.6%, time=2016 12 14}
 
2016-06-23 02:23:16,913 INFO  by.epam.banks.util.Main [main] SAX builder created 
2016-06-23 02:23:16,928 INFO  by.epam.banks.util.Main [main] Builder has finished parsing 
2016-06-23 02:23:16,929 INFO  by.epam.banks.util.Main [main] Result:
Deposit{depositId='a2', bank='Prior', country='BY', type=METAL, depositorFirstName='Artem', depositorLastName='Vitkovsky', amount=MetalAmount{metal='gold', amount='200.0'}, profitability=5.0%, time=2016 08 02}
Deposit{depositId='a234a', bank='Prior', country='RU', type=CHECKING, depositorFirstName='Artem', depositorLastName='Vitkovsky', amount=CurrencyAmount{currency='USD', amount='300.0'}, profitability=0.2%, time=2016 08 30}
Deposit{depositId='b4e', bank='Prior', country='BY', type=CHECKING, depositorFirstName='Artem', depositorLastName='Vitkovsky', amount=CurrencyAmount{currency='BYR', amount='50000.0'}, profitability=10.6%, time=2016 12 14}
 
2016-06-23 02:23:16,939 INFO  by.epam.banks.util.Main [main] StAX builder created 
2016-06-23 02:23:16,953 INFO  by.epam.banks.util.Main [main] Builder has finished parsing 
2016-06-23 02:23:16,954 INFO  by.epam.banks.util.Main [main] Result:
Deposit{depositId='a2', bank='Prior', country='BY', type=METAL, depositorFirstName='Artem', depositorLastName='Vitkovsky', amount=MetalAmount{metal='gold', amount='200.0'}, profitability=5.0%, time=2016 08 02}
Deposit{depositId='a234a', bank='Prior', country='RU', type=CHECKING, depositorFirstName='Artem', depositorLastName='Vitkovsky', amount=CurrencyAmount{currency='USD', amount='300.0'}, profitability=0.2%, time=2016 08 30}
Deposit{depositId='b4e', bank='Prior', country='null', type=CHECKING, depositorFirstName='Artem', depositorLastName='Vitkovsky', amount=CurrencyAmount{currency='BYR', amount='50000.0'}, profitability=10.6%, time=2016 12 14}
 
2016-06-23 02:34:40,989 INFO  by.epam.banks.util.ValidatorSAXXSD [main] New SAX XSD validator has been created 
2016-06-23 02:37:13,193 INFO  by.epam.banks.util.ValidatorSAXXSD [main] New SAX XSD validator has been created 
2016-06-23 02:44:32,470 INFO  by.epam.banks.util.ValidatorSAXXSD [main] New SAX XSD validator has been created 
2016-06-23 02:44:32,493 INFO  by.epam.banks.util.ValidatorSAXXSD [main] New SAX XSD validator has been created 
